# JRE version: OpenJDK Runtime Environment Temurin-21.0.10+7 (21.0.10+7) (build 21.0.10+7-LTS)
# Java VM: OpenJDK 64-Bit Server VM Temurin-21.0.10+7 (21.0.10+7-LTS, mixed mode, sharing, tiered, compressed oops, compressed class ptrs, parallel gc, windows-amd64)
GC Precious Log:
 CardTable entry size: 512
 CPUs: 32 total, 32 available
 Memory: 16077M
 Large Page Support: Disabled
 NUMA Support: Disabled
 Compressed Oops: Enabled (32-bit)
 Alignments: Space 512K, Generation 512K, Heap 2M
 Heap Min Capacity: 100M
 Heap Initial Capacity: 100M
 Heap Max Capacity: 2G
 Pre-touch: Disabled
 Parallel Workers: 23
Heap:
 PSYoungGen      total 8192K, used 6728K [0x00000000d5580000, 0x00000000d6a00000, 0x0000000100000000)
  eden space 6656K, 78% used [0x00000000d5580000,0x00000000d5a93298,0x00000000d5c00000)
  from space 1536K, 99% used [0x00000000d6380000,0x00000000d64ff130,0x00000000d6500000)
  to   space 5120K, 0% used [0x00000000d6500000,0x00000000d6500000,0x00000000d6a00000)
 ParOldGen       total 818176K, used 818059K [0x0000000080000000, 0x00000000b1f00000, 0x00000000d5580000)
  object space 818176K, 99% used [0x0000000080000000,0x00000000b1ee2fd0,0x00000000b1f00000)
 Metaspace       used 104434K, committed 106304K, reserved 1179648K
  class space    used 10471K, committed 11392K, reserved 1048576K
GC Heap History (20 events):
Event: 11577.433 GC heap before
{Heap before GC invocations=3486 (full 8):
 PSYoungGen      total 13312K, used 13024K [0x00000000d5580000, 0x00000000d6900000, 0x0000000100000000)
  eden space 6656K, 99% used [0x00000000d5580000,0x00000000d5bf80b8,0x00000000d5c00000)
  from space 6656K, 96% used [0x00000000d5c00000,0x00000000d6240000,0x00000000d6280000)
  to   space 6656K, 0% used [0x00000000d6280000,0x00000000d6280000,0x00000000d6900000)
 ParOldGen       total 754176K, used 753946K [0x0000000080000000, 0x00000000ae080000, 0x00000000d5580000)
  object space 754176K, 99% used [0x0000000080000000,0x00000000ae046918,0x00000000ae080000)
 Metaspace       used 104407K, committed 106304K, reserved 1179648K
  class space    used 10469K, committed 11392K, reserved 1048576K
}
Event: 11577.445 GC heap after
{Heap after GC invocations=3486 (full 8):
 PSYoungGen      total 13312K, used 6251K [0x00000000d5580000, 0x00000000d6900000, 0x0000000100000000)
  eden space 6656K, 0% used [0x00000000d5580000,0x00000000d5580000,0x00000000d5c00000)
  from space 6656K, 93% used [0x00000000d6280000,0x00000000d689ad60,0x00000000d6900000)
  to   space 6656K, 0% used [0x00000000d5c00000,0x00000000d5c00000,0x00000000d6280000)
 ParOldGen       total 760320K, used 760058K [0x0000000080000000, 0x00000000ae680000, 0x00000000d5580000)
  object space 760320K, 99% used [0x0000000080000000,0x00000000ae63e928,0x00000000ae680000)
 Metaspace       used 104407K, committed 106304K, reserved 1179648K
  class space    used 10469K, committed 11392K, reserved 1048576K
}
Event: 11577.611 GC heap before
{Heap before GC invocations=3487 (full 8):
 PSYoungGen      total 13312K, used 12592K [0x00000000d5580000, 0x00000000d6900000, 0x0000000100000000)
  eden space 6656K, 95% used [0x00000000d5580000,0x00000000d5bb1518,0x00000000d5c00000)
  from space 6656K, 93% used [0x00000000d6280000,0x00000000d689ad60,0x00000000d6900000)
  to   space 6656K, 0% used [0x00000000d5c00000,0x00000000d5c00000,0x00000000d6280000)
 ParOldGen       total 760320K, used 760058K [0x0000000080000000, 0x00000000ae680000, 0x00000000d5580000)
  object space 760320K, 99% used [0x0000000080000000,0x00000000ae63e928,0x00000000ae680000)
 Metaspace       used 104407K, committed 106304K, reserved 1179648K
  class space    used 10469K, committed 11392K, reserved 1048576K
}
Event: 11577.624 GC heap after
{Heap after GC invocations=3487 (full 8):
 PSYoungGen      total 12288K, used 5135K [0x00000000d5580000, 0x00000000d6700000, 0x0000000100000000)
  eden space 6656K, 0% used [0x00000000d5580000,0x00000000d5580000,0x00000000d5c00000)
  from space 5632K, 91% used [0x00000000d5c00000,0x00000000d6103d78,0x00000000d6180000)
  to   space 5632K, 0% used [0x00000000d6180000,0x00000000d6180000,0x00000000d6700000)
 ParOldGen       total 765440K, used 765416K [0x0000000080000000, 0x00000000aeb80000, 0x00000000d5580000)
  object space 765440K, 99% used [0x0000000080000000,0x00000000aeb7a050,0x00000000aeb80000)
 Metaspace       used 104407K, committed 106304K, reserved 1179648K
  class space    used 10469K, committed 11392K, reserved 1048576K
}
Event: 11577.709 GC heap before
{Heap before GC invocations=3488 (full 8):
 PSYoungGen      total 12288K, used 11791K [0x00000000d5580000, 0x00000000d6700000, 0x0000000100000000)
  eden space 6656K, 100% used [0x00000000d5580000,0x00000000d5c00000,0x00000000d5c00000)
  from space 5632K, 91% used [0x00000000d5c00000,0x00000000d6103d78,0x00000000d6180000)
  to   space 5632K, 0% used [0x00000000d6180000,0x00000000d6180000,0x00000000d6700000)
 ParOldGen       total 797184K, used 796136K [0x0000000080000000, 0x00000000b0a80000, 0x00000000d5580000)
  object space 797184K, 99% used [0x0000000080000000,0x00000000b097a080,0x00000000b0a80000)
 Metaspace       used 104415K, committed 106304K, reserved 1179648K
  class space    used 10469K, committed 11392K, reserved 1048576K
}
Event: 11577.722 GC heap after
{Heap after GC invocations=3488 (full 8):
 PSYoungGen      total 10752K, used 4083K [0x00000000d5580000, 0x00000000d6580000, 0x0000000100000000)
  eden space 6656K, 0% used [0x00000000d5580000,0x00000000d5580000,0x00000000d5c00000)
  from space 4096K, 99% used [0x00000000d6180000,0x00000000d657cc50,0x00000000d6580000)
  to   space 4608K, 0% used [0x00000000d5c80000,0x00000000d5c80000,0x00000000d6100000)
 ParOldGen       total 798720K, used 798704K [0x0000000080000000, 0x00000000b0c00000, 0x00000000d5580000)
  object space 798720K, 99% used [0x0000000080000000,0x00000000b0bfc080,0x00000000b0c00000)
 Metaspace       used 104415K, committed 106304K, reserved 1179648K
  class space    used 10469K, committed 11392K, reserved 1048576K
}
Event: 11577.745 GC heap before
{Heap before GC invocations=3489 (full 8):
 PSYoungGen      total 10752K, used 10739K [0x00000000d5580000, 0x00000000d6580000, 0x0000000100000000)
  eden space 6656K, 100% used [0x00000000d5580000,0x00000000d5c00000,0x00000000d5c00000)
  from space 4096K, 99% used [0x00000000d6180000,0x00000000d657cc50,0x00000000d6580000)
  to   space 4608K, 0% used [0x00000000d5c80000,0x00000000d5c80000,0x00000000d6100000)
 ParOldGen       total 798720K, used 798704K [0x0000000080000000, 0x00000000b0c00000, 0x00000000d5580000)
  object space 798720K, 99% used [0x0000000080000000,0x00000000b0bfc080,0x00000000b0c00000)
 Metaspace       used 104415K, committed 106304K, reserved 1179648K
  class space    used 10469K, committed 11392K, reserved 1048576K
}
Event: 11577.755 GC heap after
{Heap after GC invocations=3489 (full 8):
 PSYoungGen      total 11264K, used 4597K [0x00000000d5580000, 0x00000000d7400000, 0x0000000100000000)
  eden space 6656K, 0% used [0x00000000d5580000,0x00000000d5580000,0x00000000d5c00000)
  from space 4608K, 99% used [0x00000000d5c80000,0x00000000d60fd400,0x00000000d6100000)
  to   space 12288K, 0% used [0x00000000d6800000,0x00000000d6800000,0x00000000d7400000)
 ParOldGen       total 805376K, used 804926K [0x0000000080000000, 0x00000000b1280000, 0x00000000d5580000)
  object space 805376K, 99% used [0x0000000080000000,0x00000000b120f920,0x00000000b1280000)
 Metaspace       used 104415K, committed 106304K, reserved 1179648K
  class space    used 10469K, committed 11392K, reserved 1048576K
}
Event: 11578.181 GC heap before
{Heap before GC invocations=3490 (full 8):
 PSYoungGen      total 11264K, used 11253K [0x00000000d5580000, 0x00000000d7400000, 0x0000000100000000)
  eden space 6656K, 100% used [0x00000000d5580000,0x00000000d5c00000,0x00000000d5c00000)
  from space 4608K, 99% used [0x00000000d5c80000,0x00000000d60fd400,0x00000000d6100000)
  to   space 12288K, 0% used [0x00000000d6800000,0x00000000d6800000,0x00000000d7400000)
 ParOldGen       total 805376K, used 804926K [0x0000000080000000, 0x00000000b1280000, 0x00000000d5580000)
  object space 805376K, 99% used [0x0000000080000000,0x00000000b120f920,0x00000000b1280000)
 Metaspace       used 104415K, committed 106304K, reserved 1179648K
  class space    used 10469K, committed 11392K, reserved 1048576K
}
Event: 11578.196 GC heap after
{Heap after GC invocations=3490 (full 8):
 PSYoungGen      total 10240K, used 3428K [0x00000000d5580000, 0x00000000d6b80000, 0x0000000100000000)
  eden space 6656K, 0% used [0x00000000d5580000,0x00000000d5580000,0x00000000d5c00000)
  from space 3584K, 95% used [0x00000000d6800000,0x00000000d6b59210,0x00000000d6b80000)
  to   space 6144K, 0% used [0x00000000d5f80000,0x00000000d5f80000,0x00000000d6580000)
 ParOldGen       total 809984K, used 809494K [0x0000000080000000, 0x00000000b1700000, 0x00000000d5580000)
  object space 809984K, 99% used [0x0000000080000000,0x00000000b1685920,0x00000000b1700000)
 Metaspace       used 104415K, committed 106304K, reserved 1179648K
  class space    used 10469K, committed 11392K, reserved 1048576K
}
Event: 11988.061 GC heap before
{Heap before GC invocations=3491 (full 8):
 PSYoungGen      total 10240K, used 10084K [0x00000000d5580000, 0x00000000d6b80000, 0x0000000100000000)
  eden space 6656K, 99% used [0x00000000d5580000,0x00000000d5bfffd8,0x00000000d5c00000)
  from space 3584K, 95% used [0x00000000d6800000,0x00000000d6b59210,0x00000000d6b80000)
  to   space 6144K, 0% used [0x00000000d5f80000,0x00000000d5f80000,0x00000000d6580000)
 ParOldGen       total 809984K, used 809494K [0x0000000080000000, 0x00000000b1700000, 0x00000000d5580000)
  object space 809984K, 99% used [0x0000000080000000,0x00000000b1685920,0x00000000b1700000)
 Metaspace       used 104418K, committed 106304K, reserved 1179648K
  class space    used 10469K, committed 11392K, reserved 1048576K
}
Event: 11988.075 GC heap after
{Heap after GC invocations=3491 (full 8):
 PSYoungGen      total 12800K, used 544K [0x00000000d5580000, 0x00000000d6880000, 0x0000000100000000)
  eden space 6656K, 0% used [0x00000000d5580000,0x00000000d5580000,0x00000000d5c00000)
  from space 6144K, 8% used [0x00000000d5f80000,0x00000000d6008000,0x00000000d6580000)
  to   space 2560K, 0% used [0x00000000d6600000,0x00000000d6600000,0x00000000d6880000)
 ParOldGen       total 813056K, used 812586K [0x0000000080000000, 0x00000000b1a00000, 0x00000000d5580000)
  object space 813056K, 99% used [0x0000000080000000,0x00000000b198ab30,0x00000000b1a00000)
 Metaspace       used 104418K, committed 106304K, reserved 1179648K
  class space    used 10469K, committed 11392K, reserved 1048576K
}
Event: 16045.951 GC heap before
{Heap before GC invocations=3492 (full 8):
 PSYoungGen      total 12800K, used 7200K [0x00000000d5580000, 0x00000000d6880000, 0x0000000100000000)
  eden space 6656K, 100% used [0x00000000d5580000,0x00000000d5c00000,0x00000000d5c00000)
  from space 6144K, 8% used [0x00000000d5f80000,0x00000000d6008000,0x00000000d6580000)
  to   space 2560K, 0% used [0x00000000d6600000,0x00000000d6600000,0x00000000d6880000)
 ParOldGen       total 813056K, used 812586K [0x0000000080000000, 0x00000000b1a00000, 0x00000000d5580000)
  object space 813056K, 99% used [0x0000000080000000,0x00000000b198ab30,0x00000000b1a00000)
 Metaspace       used 104421K, committed 106304K, reserved 1179648K
  class space    used 10469K, committed 11392K, reserved 1048576K
}
Event: 16045.982 GC heap after
{Heap after GC invocations=3492 (full 8):
 PSYoungGen      total 7680K, used 576K [0x00000000d5580000, 0x00000000d6700000, 0x0000000100000000)
  eden space 6656K, 0% used [0x00000000d5580000,0x00000000d5580000,0x00000000d5c00000)
  from space 1024K, 56% used [0x00000000d6600000,0x00000000d6690000,0x00000000d6700000)
  to   space 1024K, 0% used [0x00000000d6500000,0x00000000d6500000,0x00000000d6600000)
 ParOldGen       total 813056K, used 812962K [0x0000000080000000, 0x00000000b1a00000, 0x00000000d5580000)
  object space 813056K, 99% used [0x0000000080000000,0x00000000b19e8b50,0x00000000b1a00000)
 Metaspace       used 104421K, committed 106304K, reserved 1179648K
  class space    used 10469K, committed 11392K, reserved 1048576K
}
Event: 22830.114 GC heap before
{Heap before GC invocations=3493 (full 8):
 PSYoungGen      total 7680K, used 7232K [0x00000000d5580000, 0x00000000d6700000, 0x0000000100000000)
  eden space 6656K, 100% used [0x00000000d5580000,0x00000000d5c00000,0x00000000d5c00000)
  from space 1024K, 56% used [0x00000000d6600000,0x00000000d6690000,0x00000000d6700000)
  to   space 1024K, 0% used [0x00000000d6500000,0x00000000d6500000,0x00000000d6600000)
 ParOldGen       total 813056K, used 812962K [0x0000000080000000, 0x00000000b1a00000, 0x00000000d5580000)
  object space 813056K, 99% used [0x0000000080000000,0x00000000b19e8b50,0x00000000b1a00000)
 Metaspace       used 104426K, committed 106304K, reserved 1179648K
  class space    used 10469K, committed 11392K, reserved 1048576K
}
Event: 22830.132 GC heap after
{Heap after GC invocations=3493 (full 8):
 PSYoungGen      total 7680K, used 416K [0x00000000d5580000, 0x00000000d6680000, 0x0000000100000000)
  eden space 6656K, 0% used [0x00000000d5580000,0x00000000d5580000,0x00000000d5c00000)
  from space 1024K, 40% used [0x00000000d6500000,0x00000000d6568000,0x00000000d6600000)
  to   space 512K, 0% used [0x00000000d6600000,0x00000000d6600000,0x00000000d6680000)
 ParOldGen       total 813568K, used 813098K [0x0000000080000000, 0x00000000b1a80000, 0x00000000d5580000)
  object space 813568K, 99% used [0x0000000080000000,0x00000000b1a0ab50,0x00000000b1a80000)
 Metaspace       used 104426K, committed 106304K, reserved 1179648K
  class space    used 10469K, committed 11392K, reserved 1048576K
}
Event: 23786.298 GC heap before
{Heap before GC invocations=3494 (full 8):
 PSYoungGen      total 7680K, used 6973K [0x00000000d5580000, 0x00000000d6680000, 0x0000000100000000)
  eden space 6656K, 98% used [0x00000000d5580000,0x00000000d5be7478,0x00000000d5c00000)
  from space 1024K, 40% used [0x00000000d6500000,0x00000000d6568000,0x00000000d6600000)
  to   space 512K, 0% used [0x00000000d6600000,0x00000000d6600000,0x00000000d6680000)
 ParOldGen       total 813568K, used 813098K [0x0000000080000000, 0x00000000b1a80000, 0x00000000d5580000)
  object space 813568K, 99% used [0x0000000080000000,0x00000000b1a0ab50,0x00000000b1a80000)
 Metaspace       used 104433K, committed 106304K, reserved 1179648K
  class space    used 10470K, committed 11392K, reserved 1048576K
}
Event: 23786.301 GC heap after
{Heap after GC invocations=3494 (full 8):
 PSYoungGen      total 7168K, used 502K [0x00000000d5580000, 0x00000000d6680000, 0x0000000100000000)
  eden space 6656K, 0% used [0x00000000d5580000,0x00000000d5580000,0x00000000d5c00000)
  from space 512K, 98% used [0x00000000d6600000,0x00000000d667db28,0x00000000d6680000)
  to   space 1536K, 0% used [0x00000000d6380000,0x00000000d6380000,0x00000000d6500000)
 ParOldGen       total 814080K, used 813569K [0x0000000080000000, 0x00000000b1b00000, 0x00000000d5580000)
  object space 814080K, 99% used [0x0000000080000000,0x00000000b1a807d8,0x00000000b1b00000)
 Metaspace       used 104433K, committed 106304K, reserved 1179648K
  class space    used 10470K, committed 11392K, reserved 1048576K
}
Event: 23786.326 GC heap before
{Heap before GC invocations=3495 (full 8):
 PSYoungGen      total 7168K, used 7158K [0x00000000d5580000, 0x00000000d6680000, 0x0000000100000000)
  eden space 6656K, 99% used [0x00000000d5580000,0x00000000d5bffff0,0x00000000d5c00000)
  from space 512K, 98% used [0x00000000d6600000,0x00000000d667db28,0x00000000d6680000)
  to   space 1536K, 0% used [0x00000000d6380000,0x00000000d6380000,0x00000000d6500000)
 ParOldGen       total 814080K, used 813569K [0x0000000080000000, 0x00000000b1b00000, 0x00000000d5580000)
  object space 814080K, 99% used [0x0000000080000000,0x00000000b1a807d8,0x00000000b1b00000)
 Metaspace       used 104433K, committed 106304K, reserved 1179648K
  class space    used 10470K, committed 11392K, reserved 1048576K
}
Event: 23786.329 GC heap after
{Heap after GC invocations=3495 (full 8):
 PSYoungGen      total 8192K, used 1532K [0x00000000d5580000, 0x00000000d6a00000, 0x0000000100000000)
  eden space 6656K, 0% used [0x00000000d5580000,0x00000000d5580000,0x00000000d5c00000)
  from space 1536K, 99% used [0x00000000d6380000,0x00000000d64ff130,0x00000000d6500000)
  to   space 5120K, 0% used [0x00000000d6500000,0x00000000d6500000,0x00000000d6a00000)
 ParOldGen       total 818176K, used 818059K [0x0000000080000000, 0x00000000b1f00000, 0x00000000d5580000)
  object space 818176K, 99% used [0x0000000080000000,0x00000000b1ee2fd0,0x00000000b1f00000)
 Metaspace       used 104433K, committed 106304K, reserved 1179648K
  class space    used 10470K, committed 11392K, reserved 1048576K
}

